<?xml version="1.0" encoding="UTF-8"?>
<testsuite name="PositionTest" tests="5" skipped="0" failures="0" errors="0" timestamp="2017-07-19T22:55:53" hostname="epicodus-96.local" time="0.009">
  <properties/>
  <testcase name="testNew" classname="PositionTest" time="0.001"/>
  <testcase name="testWin" classname="PositionTest" time="0.0"/>
  <testcase name="testMove" classname="PositionTest" time="0.0"/>
  <testcase name="testMinimax" classname="PositionTest" time="0.006"/>
  <testcase name="testPossibleMoves" classname="PositionTest" time="0.001"/>
  <system-out><![CDATA[]]></system-out>
  <system-err><![CDATA[]]></system-err>
</testsuite>
